<?xml version="1.0" encoding="UTF-8"?>
<testng-results skipped="0" failed="0" total="3" passed="3">
  <reporter-output>
    <line>
      <![CDATA[<a href='C:\Users\zack\.jenkins\workspace\TestLeanpro-Maven/screenshot/Success/TestBBSPage.testCreateANewPost.2015-12-23-10-12-08.png'>TestBBSPage.testCreateANewPost</a>]]>
    </line>
    <line>
      <![CDATA[<a href='C:\Users\zack\.jenkins\workspace\TestLeanpro-Maven/screenshot/Success/TestBBSPage.testEditAPost.2015-12-23-10-12-22.png'>TestBBSPage.testEditAPost</a>]]>
    </line>
    <line>
      <![CDATA[<a href='C:\Users\zack\.jenkins\workspace\TestLeanpro-Maven/screenshot/Success/TestBBSPage.testResponseAPost.2015-12-23-10-12-35.png'>TestBBSPage.testResponseAPost</a>]]>
    </line>
  </reporter-output>
  <suite name="Suite1" duration-ms="52634" started-at="2015-12-23T02:11:42Z" finished-at="2015-12-23T02:12:35Z">
    <groups>
    </groups>
    <test name="Nopackage" duration-ms="52634" started-at="2015-12-23T02:11:42Z" finished-at="2015-12-23T02:12:35Z">
      <class name="cn.leanpro.pageobjects.Test.TestBBSPage">
        <test-method status="PASS" signature="createDriver()[pri:0, instance:cn.leanpro.pageobjects.Test.TestBBSPage@2cfe7381]" name="createDriver" is-config="true" duration-ms="9605" started-at="2015-12-23T10:11:42Z" finished-at="2015-12-23T10:11:52Z">
          <reporter-output>
          </reporter-output>
        </test-method> <!-- createDriver -->
        <test-method status="PASS" signature="initBrower()[pri:0, instance:cn.leanpro.pageobjects.Test.TestBBSPage@2cfe7381]" name="initBrower" is-config="true" duration-ms="5224" started-at="2015-12-23T10:11:52Z" finished-at="2015-12-23T10:11:57Z">
          <reporter-output>
          </reporter-output>
        </test-method> <!-- initBrower -->
        <test-method status="PASS" signature="testCreateANewPost(cn.leanpro.model.BBSPostModle)[pri:0, instance:cn.leanpro.pageobjects.Test.TestBBSPage@2cfe7381]" name="testCreateANewPost" duration-ms="10171" started-at="2015-12-23T10:11:58Z" data-provider="datawithbbspost" finished-at="2015-12-23T10:12:08Z">
          <params>
            <param index="0">
              <value>
                <![CDATA[cn.leanpro.model.BBSPostModle@36046a62]]>
              </value>
            </param>
          </params>
          <reporter-output>
            <line>
              <![CDATA[<a href='C:\Users\zack\.jenkins\workspace\TestLeanpro-Maven/screenshot/Success/TestBBSPage.testCreateANewPost.2015-12-23-10-12-08.png'>TestBBSPage.testCreateANewPost</a>]]>
            </line>
          </reporter-output>
        </test-method> <!-- testCreateANewPost -->
        <test-method status="PASS" signature="testEditAPost(cn.leanpro.model.BBSPostModle)[pri:0, instance:cn.leanpro.pageobjects.Test.TestBBSPage@2cfe7381]" name="testEditAPost" duration-ms="13019" started-at="2015-12-23T10:12:08Z" data-provider="datawithbbspost" finished-at="2015-12-23T10:12:21Z">
          <params>
            <param index="0">
              <value>
                <![CDATA[cn.leanpro.model.BBSPostModle@5be463a2]]>
              </value>
            </param>
          </params>
          <reporter-output>
            <line>
              <![CDATA[<a href='C:\Users\zack\.jenkins\workspace\TestLeanpro-Maven/screenshot/Success/TestBBSPage.testEditAPost.2015-12-23-10-12-22.png'>TestBBSPage.testEditAPost</a>]]>
            </line>
          </reporter-output>
        </test-method> <!-- testEditAPost -->
        <test-method status="PASS" signature="testResponseAPost(cn.leanpro.model.BBSPostModle)[pri:0, instance:cn.leanpro.pageobjects.Test.TestBBSPage@2cfe7381]" name="testResponseAPost" duration-ms="12662" started-at="2015-12-23T10:12:22Z" data-provider="datawithbbspost" finished-at="2015-12-23T10:12:34Z">
          <params>
            <param index="0">
              <value>
                <![CDATA[cn.leanpro.model.BBSPostModle@6f494fcf]]>
              </value>
            </param>
          </params>
          <reporter-output>
            <line>
              <![CDATA[<a href='C:\Users\zack\.jenkins\workspace\TestLeanpro-Maven/screenshot/Success/TestBBSPage.testResponseAPost.2015-12-23-10-12-35.png'>TestBBSPage.testResponseAPost</a>]]>
            </line>
          </reporter-output>
        </test-method> <!-- testResponseAPost -->
        <test-method status="PASS" signature="teardownDriver()[pri:0, instance:cn.leanpro.pageobjects.Test.TestBBSPage@2cfe7381]" name="teardownDriver" is-config="true" duration-ms="12" started-at="2015-12-23T10:12:35Z" finished-at="2015-12-23T10:12:35Z">
          <reporter-output>
          </reporter-output>
        </test-method> <!-- teardownDriver -->
      </class> <!-- cn.leanpro.pageobjects.Test.TestBBSPage -->
    </test> <!-- Nopackage -->
  </suite> <!-- Suite1 -->
</testng-results>
