Started by user [8mha:AAAAlh+LCAAAAAAAAP9b85aBtbiIQTGjNKU4P08vOT+vOD8nVc83PyU1x6OyILUoJzMv2y+/JJUBAhiZGBgqihhk0NSjKDWzXb3RdlLBUSYGJk8GtpzUvPSSDB8G5tKinBIGIZ+sxLJE/ZzEvHT94JKizLx0a6BxUmjGOUNodHsLgAzOEgYu/dLi1CL9vNKcHACFIKlWvwAAAA==[0manonymous
Building in workspace C:\Users\zack\.jenkins\workspace\LAP_FULL
 > C:\Users\zack\AppData\Local\Programs\Git\bin\git.exe rev-parse --is-inside-work-tree # timeout=10
Fetching changes from the remote Git repository
 > C:\Users\zack\AppData\Local\Programs\Git\bin\git.exe config remote.origin.url https://99robo.visualstudio.com/DefaultCollection/_git/WallE # timeout=10
Fetching upstream changes from https://99robo.visualstudio.com/DefaultCollection/_git/WallE
 > C:\Users\zack\AppData\Local\Programs\Git\bin\git.exe --version # timeout=10
using .gitcredentials to set credentials
 > C:\Users\zack\AppData\Local\Programs\Git\bin\git.exe config --local credential.username zack # timeout=10
 > C:\Users\zack\AppData\Local\Programs\Git\bin\git.exe config --local credential.helper store --file=\"C:\Users\zack\AppData\Local\Temp\git8589776748628762563.credentials\" # timeout=10
 > C:\Users\zack\AppData\Local\Programs\Git\bin\git.exe -c core.askpass=true fetch --tags --progress https://99robo.visualstudio.com/DefaultCollection/_git/WallE +refs/heads/*:refs/remotes/origin/*
 > C:\Users\zack\AppData\Local\Programs\Git\bin\git.exe config --local --remove-section credential # timeout=10
 > C:\Users\zack\AppData\Local\Programs\Git\bin\git.exe rev-parse "refs/remotes/origin/master^{commit}" # timeout=10
 > C:\Users\zack\AppData\Local\Programs\Git\bin\git.exe rev-parse "refs/remotes/origin/origin/master^{commit}" # timeout=10
Checking out Revision 6e5a04d23eb883674818ac25af40007fb09f5e61 (refs/remotes/origin/master)
 > C:\Users\zack\AppData\Local\Programs\Git\bin\git.exe config core.sparsecheckout # timeout=10
 > C:\Users\zack\AppData\Local\Programs\Git\bin\git.exe read-tree -mu HEAD # timeout=10
 > C:\Users\zack\AppData\Local\Programs\Git\bin\git.exe checkout -f 6e5a04d23eb883674818ac25af40007fb09f5e61
 > C:\Users\zack\AppData\Local\Programs\Git\bin\git.exe rev-list 6e5a04d23eb883674818ac25af40007fb09f5e61 # timeout=10
Path To MSBuild.exe: C:\Program Files (x86)\MSBuild\12.0\Bin\MSBuild.exe
Executing the command cmd.exe /C " "C:\Program Files (x86)\MSBuild\12.0\Bin\MSBuild.exe" /t:clean /t:build /p:Configuration=Debug "/p:Platform=Any CPU" LAP/src/LAP_Full.sln " && exit %%ERRORLEVEL%% from C:\Users\zack\.jenkins\workspace\LAP_FULL
[LAP_FULL] $ cmd.exe /C " "C:\Program Files (x86)\MSBuild\12.0\Bin\MSBuild.exe" /t:clean /t:build /p:Configuration=Debug "/p:Platform=Any CPU" LAP/src/LAP_Full.sln " && exit %%ERRORLEVEL%%
Microsoft(R) Éú³ÉÒıÇæ°æ±¾ 12.0.31101.0
[Microsoft .NET Framework °æ±¾ 4.0.30319.34209]
°æÈ¨ËùÓĞ (C) Microsoft Corporation¡£±£ÁôËùÓĞÈ¨Àû¡£

ÔÚ´Ë½â¾ö·½°¸ÖĞÒ»´ÎÉú³ÉÒ»¸öÏîÄ¿¡£ÈôÒªÆôÓÃ²¢ĞĞÉú³É£¬ÇëÌí¼Ó¡°/m¡±¿ª¹Ø¡£
Éú³ÉÆô¶¯Ê±¼äÎª 2016/3/24 20:09:11¡£
ÏîÄ¿¡°C:\Users\zack\.jenkins\workspace\LAP_FULL\LAP\src\LAP_Full.sln¡±ÔÚ½Úµã 1 ÉÏ(clean;build ¸öÄ¿±ê)¡£
ValidateSolutionConfiguration:
  ÕıÔÚÉú³É½â¾ö·½°¸ÅäÖÃ¡°Debug|Any CPU¡±¡£
ValidateProjects:
  ÔÚ½â¾ö·½°¸ÅäÖÃ¡°Debug|Any CPU¡±ÖĞÎ´Ñ¡¶¨Éú³ÉÏîÄ¿¡°SetupBuilder¡±¡£
  ÔÚ½â¾ö·½°¸ÅäÖÃ¡°Debug|Any CPU¡±ÖĞÎ´Ñ¡¶¨Éú³ÉÏîÄ¿¡°Install_CA¡±¡£
C:\Users\zack\.jenkins\workspace\LAP_FULL\LAP\src\LAP_Full.sln.metaproj : error MSB3202: Î´ÕÒµ½ÏîÄ¿ÎÄ¼ş¡°C:\Users\zack\.jenkins\workspace\LAP_FULL\LAP\src\LAPVisualStudioPackage\LAPVisualStudioPackage\LAPVisualStudioPackage\LAPVisualStudioPackage.csproj¡±¡£ [C:\Users\zack\.jenkins\workspace\LAP_FULL\LAP\src\LAP_Full.sln]
ÏîÄ¿¡°C:\Users\zack\.jenkins\workspace\LAP_FULL\LAP\src\LAP_Full.sln¡±(1)ÕıÔÚ½Úµã 1 ÉÏÉú³É¡°C:\Users\zack\.jenkins\workspace\LAP_FULL\LAP\src\LAPVisualStudioPackage\ProjectTemplates\LAP.MsTestTestProjectTemplate\LAP.MsTestTestProjectTemplate.csproj¡±(7) (Clean ¸öÄ¿±ê)¡£
C:\Users\zack\.jenkins\workspace\LAP_FULL\LAP\src\LAPVisualStudioPackage\ProjectTemplates\LAP.MsTestTestProjectTemplate\LAP.MsTestTestProjectTemplate.csproj(80,3): error MSB4019: Î´ÕÒµ½µ¼ÈëµÄÏîÄ¿¡°C:\Program Files (x86)\MSBuild\Microsoft\VisualStudio\v12.0\VSSDK\Microsoft.VsSDK.targets¡±¡£ÇëÈ·ÈÏ <Import> ÉùÃ÷ÖĞµÄÂ·¾¶ÕıÈ·£¬ÇÒ´ÅÅÌÉÏ´æÔÚ¸ÃÎÄ¼ş¡£
ÒÑÍê³ÉÉú³ÉÏîÄ¿¡°C:\Users\zack\.jenkins\workspace\LAP_FULL\LAP\src\LAPVisualStudioPackage\ProjectTemplates\LAP.MsTestTestProjectTemplate\LAP.MsTestTestProjectTemplate.csproj¡±(Clean ¸öÄ¿±ê)µÄ²Ù×÷ - Ê§°Ü¡£
ÏîÄ¿¡°C:\Users\zack\.jenkins\workspace\LAP_FULL\LAP\src\LAP_Full.sln¡±(1)ÕıÔÚ½Úµã 1 ÉÏÉú³É¡°C:\Users\zack\.jenkins\workspace\LAP_FULL\LAP\src\LAPVisualStudioPackage\ItemTemplates\LAP.MsTestTestItemTemplate\LAP.MsTestTestItemTemplate.csproj¡±(8) (Clean ¸öÄ¿±ê)¡£
C:\Users\zack\.jenkins\workspace\LAP_FULL\LAP\src\LAPVisualStudioPackage\ItemTemplates\LAP.MsTestTestItemTemplate\LAP.MsTestTestItemTemplate.csproj(74,3): error MSB4019: Î´ÕÒµ½µ¼ÈëµÄÏîÄ¿¡°C:\Program Files (x86)\MSBuild\Microsoft\VisualStudio\v12.0\VSSDK\Microsoft.VsSDK.targets¡±¡£ÇëÈ·ÈÏ <Import> ÉùÃ÷ÖĞµÄÂ·¾¶ÕıÈ·£¬ÇÒ´ÅÅÌÉÏ´æÔÚ¸ÃÎÄ¼ş¡£
ÒÑÍê³ÉÉú³ÉÏîÄ¿¡°C:\Users\zack\.jenkins\workspace\LAP_FULL\LAP\src\LAPVisualStudioPackage\ItemTemplates\LAP.MsTestTestItemTemplate\LAP.MsTestTestItemTemplate.csproj¡±(Clean ¸öÄ¿±ê)µÄ²Ù×÷ - Ê§°Ü¡£
ÏîÄ¿¡°C:\Users\zack\.jenkins\workspace\LAP_FULL\LAP\src\LAP_Full.sln¡±(1)ÕıÔÚ½Úµã 1 ÉÏÉú³É¡°C:\Users\zack\.jenkins\workspace\LAP_FULL\LAP\src\LAPVisualStudioPackage\LAP.PackageVsix\LAP.PackageVsix.csproj¡±(9) (Clean ¸öÄ¿±ê)¡£
C:\Users\zack\.jenkins\workspace\LAP_FULL\LAP\src\LAPVisualStudioPackage\LAP.PackageVsix\LAP.PackageVsix.csproj(90,3): error MSB4019: Î´ÕÒµ½µ¼ÈëµÄÏîÄ¿¡°C:\Program Files (x86)\MSBuild\Microsoft\VisualStudio\v12.0\VSSDK\Microsoft.VsSDK.targets¡±¡£ÇëÈ·ÈÏ <Import> ÉùÃ÷ÖĞµÄÂ·¾¶ÕıÈ·£¬ÇÒ´ÅÅÌÉÏ´æÔÚ¸ÃÎÄ¼ş¡£
ÒÑÍê³ÉÉú³ÉÏîÄ¿¡°C:\Users\zack\.jenkins\workspace\LAP_FULL\LAP\src\LAPVisualStudioPackage\LAP.PackageVsix\LAP.PackageVsix.csproj¡±(Clean ¸öÄ¿±ê)µÄ²Ù×÷ - Ê§°Ü¡£
ÒÑÍê³ÉÉú³ÉÏîÄ¿¡°C:\Users\zack\.jenkins\workspace\LAP_FULL\LAP\src\LAP_Full.sln¡±(clean;build ¸öÄ¿±ê)µÄ²Ù×÷ - Ê§°Ü¡£

Éú³ÉÊ§°Ü¡£

¡°C:\Users\zack\.jenkins\workspace\LAP_FULL\LAP\src\LAP_Full.sln¡±(clean;build Ä¿±ê) (1) ->
(Clean Ä¿±ê) -> 
  C:\Users\zack\.jenkins\workspace\LAP_FULL\LAP\src\LAP_Full.sln.metaproj : error MSB3202: Î´ÕÒµ½ÏîÄ¿ÎÄ¼ş¡°C:\Users\zack\.jenkins\workspace\LAP_FULL\LAP\src\LAPVisualStudioPackage\LAPVisualStudioPackage\LAPVisualStudioPackage\LAPVisualStudioPackage.csproj¡±¡£ [C:\Users\zack\.jenkins\workspace\LAP_FULL\LAP\src\LAP_Full.sln]


¡°C:\Users\zack\.jenkins\workspace\LAP_FULL\LAP\src\LAP_Full.sln¡±(clean;build Ä¿±ê) (1) ->
¡°C:\Users\zack\.jenkins\workspace\LAP_FULL\LAP\src\LAPVisualStudioPackage\ProjectTemplates\LAP.MsTestTestProjectTemplate\LAP.MsTestTestProjectTemplate.csproj¡±(Clean Ä¿±ê) (7) ->
  C:\Users\zack\.jenkins\workspace\LAP_FULL\LAP\src\LAPVisualStudioPackage\ProjectTemplates\LAP.MsTestTestProjectTemplate\LAP.MsTestTestProjectTemplate.csproj(80,3): error MSB4019: Î´ÕÒµ½µ¼ÈëµÄÏîÄ¿¡°C:\Program Files (x86)\MSBuild\Microsoft\VisualStudio\v12.0\VSSDK\Microsoft.VsSDK.targets¡±¡£ÇëÈ·ÈÏ <Import> ÉùÃ÷ÖĞµÄÂ·¾¶ÕıÈ·£¬ÇÒ´ÅÅÌÉÏ´æÔÚ¸ÃÎÄ¼ş¡£


¡°C:\Users\zack\.jenkins\workspace\LAP_FULL\LAP\src\LAP_Full.sln¡±(clean;build Ä¿±ê) (1) ->
¡°C:\Users\zack\.jenkins\workspace\LAP_FULL\LAP\src\LAPVisualStudioPackage\ItemTemplates\LAP.MsTestTestItemTemplate\LAP.MsTestTestItemTemplate.csproj¡±(Clean Ä¿±ê) (8) ->
  C:\Users\zack\.jenkins\workspace\LAP_FULL\LAP\src\LAPVisualStudioPackage\ItemTemplates\LAP.MsTestTestItemTemplate\LAP.MsTestTestItemTemplate.csproj(74,3): error MSB4019: Î´ÕÒµ½µ¼ÈëµÄÏîÄ¿¡°C:\Program Files (x86)\MSBuild\Microsoft\VisualStudio\v12.0\VSSDK\Microsoft.VsSDK.targets¡±¡£ÇëÈ·ÈÏ <Import> ÉùÃ÷ÖĞµÄÂ·¾¶ÕıÈ·£¬ÇÒ´ÅÅÌÉÏ´æÔÚ¸ÃÎÄ¼ş¡£


¡°C:\Users\zack\.jenkins\workspace\LAP_FULL\LAP\src\LAP_Full.sln¡±(clean;build Ä¿±ê) (1) ->
¡°C:\Users\zack\.jenkins\workspace\LAP_FULL\LAP\src\LAPVisualStudioPackage\LAP.PackageVsix\LAP.PackageVsix.csproj¡±(Clean Ä¿±ê) (9) ->
  C:\Users\zack\.jenkins\workspace\LAP_FULL\LAP\src\LAPVisualStudioPackage\LAP.PackageVsix\LAP.PackageVsix.csproj(90,3): error MSB4019: Î´ÕÒµ½µ¼ÈëµÄÏîÄ¿¡°C:\Program Files (x86)\MSBuild\Microsoft\VisualStudio\v12.0\VSSDK\Microsoft.VsSDK.targets¡±¡£ÇëÈ·ÈÏ <Import> ÉùÃ÷ÖĞµÄÂ·¾¶ÕıÈ·£¬ÇÒ´ÅÅÌÉÏ´æÔÚ¸ÃÎÄ¼ş¡£

    0 ¸ö¾¯¸æ
    4 ¸ö´íÎó

ÒÑÓÃÊ±¼ä 00:00:00.48
Build step 'Build a Visual Studio project or solution using MSBuild' marked build as failure
Finished: FAILURE
