<?xml version="1.0" encoding="UTF-8"?>
<testng-results skipped="0" failed="0" total="3" passed="3">
  <reporter-output>
    <line>
      <![CDATA[<a href='C:\Users\zack\.jenkins\workspace\TestLeanpro-Maven/screenshot/Success/TestBBSPage.testCreateANewPost.2015-12-23-10-02-47.png'>TestBBSPage.testCreateANewPost</a>]]>
    </line>
    <line>
      <![CDATA[<a href='C:\Users\zack\.jenkins\workspace\TestLeanpro-Maven/screenshot/Success/TestBBSPage.testEditAPost.2015-12-23-10-02-58.png'>TestBBSPage.testEditAPost</a>]]>
    </line>
    <line>
      <![CDATA[<a href='C:\Users\zack\.jenkins\workspace\TestLeanpro-Maven/screenshot/Success/TestBBSPage.testResponseAPost.2015-12-23-10-03-11.png'>TestBBSPage.testResponseAPost</a>]]>
    </line>
  </reporter-output>
  <suite name="Suite1" duration-ms="51011" started-at="2015-12-23T02:02:20Z" finished-at="2015-12-23T02:03:11Z">
    <groups>
    </groups>
    <test name="Nopackage" duration-ms="51011" started-at="2015-12-23T02:02:20Z" finished-at="2015-12-23T02:03:11Z">
      <class name="cn.leanpro.pageobjects.Test.TestBBSPage">
        <test-method status="PASS" signature="createDriver()[pri:0, instance:cn.leanpro.pageobjects.Test.TestBBSPage@2cfe7381]" name="createDriver" is-config="true" duration-ms="10583" started-at="2015-12-23T10:02:20Z" finished-at="2015-12-23T10:02:31Z">
          <reporter-output>
          </reporter-output>
        </test-method> <!-- createDriver -->
        <test-method status="PASS" signature="initBrower()[pri:0, instance:cn.leanpro.pageobjects.Test.TestBBSPage@2cfe7381]" name="initBrower" is-config="true" duration-ms="5388" started-at="2015-12-23T10:02:31Z" finished-at="2015-12-23T10:02:36Z">
          <reporter-output>
          </reporter-output>
        </test-method> <!-- initBrower -->
        <test-method status="PASS" signature="testCreateANewPost(cn.leanpro.model.BBSPostModle)[pri:0, instance:cn.leanpro.pageobjects.Test.TestBBSPage@2cfe7381]" name="testCreateANewPost" duration-ms="9566" started-at="2015-12-23T10:02:38Z" data-provider="datawithbbspost" finished-at="2015-12-23T10:02:47Z">
          <params>
            <param index="0">
              <value>
                <![CDATA[cn.leanpro.model.BBSPostModle@6d264f8b]]>
              </value>
            </param>
          </params>
          <reporter-output>
            <line>
              <![CDATA[<a href='C:\Users\zack\.jenkins\workspace\TestLeanpro-Maven/screenshot/Success/TestBBSPage.testCreateANewPost.2015-12-23-10-02-47.png'>TestBBSPage.testCreateANewPost</a>]]>
            </line>
          </reporter-output>
        </test-method> <!-- testCreateANewPost -->
        <test-method status="PASS" signature="testEditAPost(cn.leanpro.model.BBSPostModle)[pri:0, instance:cn.leanpro.pageobjects.Test.TestBBSPage@2cfe7381]" name="testEditAPost" duration-ms="10431" started-at="2015-12-23T10:02:47Z" data-provider="datawithbbspost" finished-at="2015-12-23T10:02:58Z">
          <params>
            <param index="0">
              <value>
                <![CDATA[cn.leanpro.model.BBSPostModle@6e3066a8]]>
              </value>
            </param>
          </params>
          <reporter-output>
            <line>
              <![CDATA[<a href='C:\Users\zack\.jenkins\workspace\TestLeanpro-Maven/screenshot/Success/TestBBSPage.testEditAPost.2015-12-23-10-02-58.png'>TestBBSPage.testEditAPost</a>]]>
            </line>
          </reporter-output>
        </test-method> <!-- testEditAPost -->
        <test-method status="PASS" signature="testResponseAPost(cn.leanpro.model.BBSPostModle)[pri:0, instance:cn.leanpro.pageobjects.Test.TestBBSPage@2cfe7381]" name="testResponseAPost" duration-ms="12950" started-at="2015-12-23T10:02:58Z" data-provider="datawithbbspost" finished-at="2015-12-23T10:03:11Z">
          <params>
            <param index="0">
              <value>
                <![CDATA[cn.leanpro.model.BBSPostModle@2ba3d81c]]>
              </value>
            </param>
          </params>
          <reporter-output>
            <line>
              <![CDATA[<a href='C:\Users\zack\.jenkins\workspace\TestLeanpro-Maven/screenshot/Success/TestBBSPage.testResponseAPost.2015-12-23-10-03-11.png'>TestBBSPage.testResponseAPost</a>]]>
            </line>
          </reporter-output>
        </test-method> <!-- testResponseAPost -->
        <test-method status="PASS" signature="teardownDriver()[pri:0, instance:cn.leanpro.pageobjects.Test.TestBBSPage@2cfe7381]" name="teardownDriver" is-config="true" duration-ms="11" started-at="2015-12-23T10:03:11Z" finished-at="2015-12-23T10:03:11Z">
          <reporter-output>
          </reporter-output>
        </test-method> <!-- teardownDriver -->
      </class> <!-- cn.leanpro.pageobjects.Test.TestBBSPage -->
    </test> <!-- Nopackage -->
  </suite> <!-- Suite1 -->
</testng-results>
