<?xml version="1.0" encoding="UTF-8"?>
<!-- Generated by org.testng.reporters.JUnitXMLReporter -->
<testsuite hostname="zack-pc" name="testbbspage02" tests="3" failures="0" timestamp="26 Jan 2016 02:49:01 GMT" time="0.293" errors="0">
  <testcase name="@BeforeClass createDriver" time="0.0" classname="cn.leanpro.pageobjects.Test.TestBBSPage">
    <failure type="java.lang.IllegalStateException" message="The driver executable does not exist: D:\mytestcode\testSelenium\src\main\resourece\drivers\IEDriverServer.exe">
      <![CDATA[java.lang.IllegalStateException: The driver executable does not exist: D:\mytestcode\testSelenium\src\main\resourece\drivers\IEDriverServer.exe
	at com.google.common.base.Preconditions.checkState(Preconditions.java:197)
	at org.openqa.selenium.remote.service.DriverService.checkExecutable(DriverService.java:121)
	at org.openqa.selenium.remote.service.DriverService.findExecutable(DriverService.java:116)
	at org.openqa.selenium.ie.InternetExplorerDriverService.access$000(InternetExplorerDriverService.java:32)
	at org.openqa.selenium.ie.InternetExplorerDriverService$Builder.findDefaultExecutable(InternetExplorerDriverService.java:167)
	at org.openqa.selenium.remote.service.DriverService$Builder.build(DriverService.java:296)
	at org.openqa.selenium.ie.InternetExplorerDriver.setupService(InternetExplorerDriver.java:251)
	at org.openqa.selenium.ie.InternetExplorerDriver.<init>(InternetExplorerDriver.java:172)
	at org.openqa.selenium.ie.InternetExplorerDriver.<init>(InternetExplorerDriver.java:146)
	at cn.leanpro.TestSuiteBase.BaseTest.createDriver(BaseTest.java:48)
... Removed 24 stack frames]]>
    </failure>
  </testcase> <!-- @BeforeClass createDriver -->
  <testcase name="@BeforeClass initBrower" time="0.0" classname="cn.leanpro.pageobjects.Test.TestBBSPage">
    <skipped/>
  </testcase> <!-- @BeforeClass initBrower -->
  <testcase name="@AfterClass teardownDriver" time="0.0" classname="cn.leanpro.pageobjects.Test.TestBBSPage">
    <skipped/>
  </testcase> <!-- @AfterClass teardownDriver -->
  <testcase name="testCreateANewPost" time="0.0" classname="cn.leanpro.pageobjects.Test.TestBBSPage">
    <skipped/>
  </testcase> <!-- testCreateANewPost -->
  <testcase name="testEditAPost" time="0.0" classname="cn.leanpro.pageobjects.Test.TestBBSPage">
    <skipped/>
  </testcase> <!-- testEditAPost -->
  <testcase name="testResponseAPost" time="0.0" classname="cn.leanpro.pageobjects.Test.TestBBSPage">
    <skipped/>
  </testcase> <!-- testResponseAPost -->
</testsuite> <!-- testbbspage02 -->
